# JRE version: OpenJDK Runtime Environment (8.0_202) (build 1.8.0_202-release-1483-b49-5587405)
# Java VM: OpenJDK 64-Bit Server VM (25.202-b49-5587405 mixed mode linux-amd64 compressed oops)
Heap:
 PSYoungGen      total 136704K, used 60416K [0x00000000e0000000, 0x00000000eaf80000, 0x0000000100000000)
  eden space 126464K, 47% used [0x00000000e0000000,0x00000000e3b002e8,0x00000000e7b80000)
  from space 10240K, 0% used [0x00000000e7b80000,0x00000000e7b80000,0x00000000e8580000)
  to   space 15360K, 0% used [0x00000000ea080000,0x00000000ea080000,0x00000000eaf80000)
 ParOldGen       total 185344K, used 19616K [0x00000000a0000000, 0x00000000ab500000, 0x00000000e0000000)
  object space 185344K, 10% used [0x00000000a0000000,0x00000000a1328128,0x00000000ab500000)
 Metaspace       used 37371K, capacity 38060K, committed 38400K, reserved 1083392K
  class space    used 5078K, capacity 5320K, committed 5376K, reserved 1048576K
GC Heap History (10 events):
Event: 2.119 GC heap before
{Heap before GC invocations=3 (full 0):
 PSYoungGen      total 74752K, used 63484K [0x00000000e0000000, 0x00000000e9200000, 0x0000000100000000)
  eden space 64512K, 82% used [0x00000000e0000000,0x00000000e33ff3a8,0x00000000e3f00000)
  from space 10240K, 99% used [0x00000000e4900000,0x00000000e52ffdb8,0x00000000e5300000)
  to   space 10240K, 0% used [0x00000000e3f00000,0x00000000e3f00000,0x00000000e4900000)
 ParOldGen       total 171008K, used 255K [0x00000000a0000000, 0x00000000aa700000, 0x00000000e0000000)
  object space 171008K, 0% used [0x00000000a0000000,0x00000000a003fd98,0x00000000aa700000)
 Metaspace       used 20727K, capacity 21162K, committed 21296K, reserved 1067008K
  class space    used 2964K, capacity 3122K, committed 3200K, reserved 1048576K
Event: 2.129 GC heap after
Heap after GC invocations=3 (full 0):
 PSYoungGen      total 74752K, used 10239K [0x00000000e0000000, 0x00000000e9200000, 0x0000000100000000)
  eden space 64512K, 0% used [0x00000000e0000000,0x00000000e0000000,0x00000000e3f00000)
  from space 10240K, 99% used [0x00000000e3f00000,0x00000000e48ffce0,0x00000000e4900000)
  to   space 10240K, 0% used [0x00000000e8800000,0x00000000e8800000,0x00000000e9200000)
 ParOldGen       total 171008K, used 1970K [0x00000000a0000000, 0x00000000aa700000, 0x00000000e0000000)
  object space 171008K, 1% used [0x00000000a0000000,0x00000000a01ec988,0x00000000aa700000)
 Metaspace       used 20727K, capacity 21162K, committed 21296K, reserved 1067008K
  class space    used 2964K, capacity 3122K, committed 3200K, reserved 1048576K
}
Event: 2.129 GC heap before
{Heap before GC invocations=4 (full 1):
 PSYoungGen      total 74752K, used 10239K [0x00000000e0000000, 0x00000000e9200000, 0x0000000100000000)
  eden space 64512K, 0% used [0x00000000e0000000,0x00000000e0000000,0x00000000e3f00000)
  from space 10240K, 99% used [0x00000000e3f00000,0x00000000e48ffce0,0x00000000e4900000)
  to   space 10240K, 0% used [0x00000000e8800000,0x00000000e8800000,0x00000000e9200000)
 ParOldGen       total 171008K, used 1970K [0x00000000a0000000, 0x00000000aa700000, 0x00000000e0000000)
  object space 171008K, 1% used [0x00000000a0000000,0x00000000a01ec988,0x00000000aa700000)
 Metaspace       used 20727K, capacity 21162K, committed 21296K, reserved 1067008K
  class space    used 2964K, capacity 3122K, committed 3200K, reserved 1048576K
Event: 2.161 GC heap after
Heap after GC invocations=4 (full 1):
 PSYoungGen      total 74752K, used 0K [0x00000000e0000000, 0x00000000e9200000, 0x0000000100000000)
  eden space 64512K, 0% used [0x00000000e0000000,0x00000000e0000000,0x00000000e3f00000)
  from space 10240K, 0% used [0x00000000e3f00000,0x00000000e3f00000,0x00000000e4900000)
  to   space 10240K, 0% used [0x00000000e8800000,0x00000000e8800000,0x00000000e9200000)
 ParOldGen       total 109056K, used 11555K [0x00000000a0000000, 0x00000000a6a80000, 0x00000000e0000000)
  object space 109056K, 10% used [0x00000000a0000000,0x00000000a0b48d48,0x00000000a6a80000)
 Metaspace       used 20727K, capacity 21162K, committed 21296K, reserved 1067008K
  class space    used 2964K, capacity 3122K, committed 3200K, reserved 1048576K
}
Event: 2.759 GC heap before
{Heap before GC invocations=5 (full 1):
 PSYoungGen      total 74752K, used 64512K [0x00000000e0000000, 0x00000000e9200000, 0x0000000100000000)
  eden space 64512K, 100% used [0x00000000e0000000,0x00000000e3f00000,0x00000000e3f00000)
  from space 10240K, 0% used [0x00000000e3f00000,0x00000000e3f00000,0x00000000e4900000)
  to   space 10240K, 0% used [0x00000000e8800000,0x00000000e8800000,0x00000000e9200000)
 ParOldGen       total 109056K, used 11555K [0x00000000a0000000, 0x00000000a6a80000, 0x00000000e0000000)
  object space 109056K, 10% used [0x00000000a0000000,0x00000000a0b48d48,0x00000000a6a80000)
 Metaspace       used 28059K, capacity 28594K, committed 28928K, reserved 1075200K
  class space    used 3885K, capacity 4060K, committed 4096K, reserved 1048576K
Event: 2.767 GC heap after
Heap after GC invocations=5 (full 1):
 PSYoungGen      total 105472K, used 7462K [0x00000000e0000000, 0x00000000e8f80000, 0x0000000100000000)
  eden space 97792K, 0% used [0x00000000e0000000,0x00000000e0000000,0x00000000e5f80000)
  from space 7680K, 97% used [0x00000000e8800000,0x00000000e8f49a00,0x00000000e8f80000)
  to   space 10240K, 0% used [0x00000000e7b80000,0x00000000e7b80000,0x00000000e8580000)
 ParOldGen       total 109056K, used 11563K [0x00000000a0000000, 0x00000000a6a80000, 0x00000000e0000000)
  object space 109056K, 10% used [0x00000000a0000000,0x00000000a0b4ad48,0x00000000a6a80000)
 Metaspace       used 28059K, capacity 28594K, committed 28928K, reserved 1075200K
  class space    used 3885K, capacity 4060K, committed 4096K, reserved 1048576K
}
Event: 3.562 GC heap before
{Heap before GC invocations=6 (full 1):
 PSYoungGen      total 105472K, used 91555K [0x00000000e0000000, 0x00000000e8f80000, 0x0000000100000000)
  eden space 97792K, 85% used [0x00000000e0000000,0x00000000e521f3b0,0x00000000e5f80000)
  from space 7680K, 97% used [0x00000000e8800000,0x00000000e8f49a00,0x00000000e8f80000)
  to   space 10240K, 0% used [0x00000000e7b80000,0x00000000e7b80000,0x00000000e8580000)
 ParOldGen       total 109056K, used 11563K [0x00000000a0000000, 0x00000000a6a80000, 0x00000000e0000000)
  object space 109056K, 10% used [0x00000000a0000000,0x00000000a0b4ad48,0x00000000a6a80000)
 Metaspace       used 34679K, capacity 35326K, committed 35496K, reserved 1079296K
  class space    used 4643K, capacity 4843K, committed 4864K, reserved 1048576K
Event: 3.576 GC heap after
Heap after GC invocations=6 (full 1):
 PSYoungGen      total 136704K, used 10233K [0x00000000e0000000, 0x00000000eaf80000, 0x0000000100000000)
  eden space 126464K, 0% used [0x00000000e0000000,0x00000000e0000000,0x00000000e7b80000)
  from space 10240K, 99% used [0x00000000e7b80000,0x00000000e857e668,0x00000000e8580000)
  to   space 15360K, 0% used [0x00000000ea080000,0x00000000ea080000,0x00000000eaf80000)
 ParOldGen       total 109056K, used 13814K [0x00000000a0000000, 0x00000000a6a80000, 0x00000000e0000000)
  object space 109056K, 12% used [0x00000000a0000000,0x00000000a0d7da10,0x00000000a6a80000)
 Metaspace       used 34679K, capacity 35326K, committed 35496K, reserved 1079296K
  class space    used 4643K, capacity 4843K, committed 4864K, reserved 1048576K
}
Event: 3.576 GC heap before
{Heap before GC invocations=7 (full 2):
 PSYoungGen      total 136704K, used 10233K [0x00000000e0000000, 0x00000000eaf80000, 0x0000000100000000)
  eden space 126464K, 0% used [0x00000000e0000000,0x00000000e0000000,0x00000000e7b80000)
  from space 10240K, 99% used [0x00000000e7b80000,0x00000000e857e668,0x00000000e8580000)
  to   space 15360K, 0% used [0x00000000ea080000,0x00000000ea080000,0x00000000eaf80000)
 ParOldGen       total 109056K, used 13814K [0x00000000a0000000, 0x00000000a6a80000, 0x00000000e0000000)
  object space 109056K, 12% used [0x00000000a0000000,0x00000000a0d7da10,0x00000000a6a80000)
 Metaspace       used 34679K, capacity 35326K, committed 35496K, reserved 1079296K
  class space    used 4643K, capacity 4843K, committed 4864K, reserved 1048576K
Event: 3.672 GC heap after
Heap after GC invocations=7 (full 2):
 PSYoungGen      total 136704K, used 0K [0x00000000e0000000, 0x00000000eaf80000, 0x0000000100000000)
  eden space 126464K, 0% used [0x00000000e0000000,0x00000000e0000000,0x00000000e7b80000)
  from space 10240K, 0% used [0x00000000e7b80000,0x00000000e7b80000,0x00000000e8580000)
  to   space 15360K, 0% used [0x00000000ea080000,0x00000000ea080000,0x00000000eaf80000)
 ParOldGen       total 185344K, used 19616K [0x00000000a0000000, 0x00000000ab500000, 0x00000000e0000000)
  object space 185344K, 10% used [0x00000000a0000000,0x00000000a1328128,0x00000000ab500000)
 Metaspace       used 34675K, capacity 35320K, committed 35496K, reserved 1079296K
  class space    used 4642K, capacity 4841K, committed 4864K, reserved 1048576K
}

